Using pre-set license
Built from '2020.3/staging' branch; Version is '2020.3.11f1 (99c7afb366b3) revision 10078127'; Using compiler version '192528614'; Build Type 'Release'
OS: 'Windows 10 Pro; OS build 19042.1052; Version 2009; 64bit' Language: 'en' Physical Memory: 16277 MB
BatchMode: 1, IsHumanControllingUs: 0, StartBugReporterOnCrash: 0, Is64bit: 1, IsPro: 0

 COMMAND LINE ARGUMENTS:
C:\UnityEditors\2020.3.11f1\Editor\Unity.exe
-adb2
-batchMode
-noUpm
-name
AssetImportWorker0
-projectPath
D:/Git/Data-Persistence-Project
-logFile
Logs/AssetImportWorker0.log
-srvPort
49749
Successfully changed project path to: D:/Git/Data-Persistence-Project
D:/Git/Data-Persistence-Project
Using Asset Import Pipeline V2.
Refreshing native plugins compatible for Editor in 78.60 ms, found 2 plugins.
Preloading 0 native plugins for Editor in 0.00 ms.
Initialize engine version: 2020.3.11f1 (99c7afb366b3)
[Subsystems] Discovering subsystems at path C:/UnityEditors/2020.3.11f1/Editor/Data/Resources/UnitySubsystems
[Subsystems] Discovering subsystems at path D:/Git/Data-Persistence-Project/Assets
GfxDevice: creating device client; threaded=0
Direct3D:
    Version:  Direct3D 11.0 [level 11.0]
    Renderer: NVIDIA GeForce GTX 780 (ID=0x1004)
    Vendor:   
    VRAM:     3029 MB
    Driver:   27.21.14.6089
Shader 'Universal Render Pipeline/Particles/Lit': fallback shader 'Universal Render Pipeline/Particles/SimpleLit' not found
Initialize mono
Mono path[0] = 'C:/UnityEditors/2020.3.11f1/Editor/Data/Managed'
Mono path[1] = 'C:/UnityEditors/2020.3.11f1/Editor/Data/MonoBleedingEdge/lib/mono/unityjit'
Mono config path = 'C:/UnityEditors/2020.3.11f1/Editor/Data/MonoBleedingEdge/etc'
Using monoOptions --debugger-agent=transport=dt_socket,embedding=1,server=y,suspend=n,address=127.0.0.1:56176
Begin MonoManager ReloadAssembly
Registering precompiled unity dll's ...
Register platform support module: C:/UnityEditors/2020.3.11f1/Editor/Data/PlaybackEngines/WebGLSupport/UnityEditor.WebGL.Extensions.dll
Register platform support module: C:/UnityEditors/2020.3.11f1/Editor/Data/PlaybackEngines/WindowsStandaloneSupport/UnityEditor.WindowsStandalone.Extensions.dll
Registered in 0.005887 seconds.
Native extension for WindowsStandalone target not found
Native extension for WebGL target not found
Refreshing native plugins compatible for Editor in 87.67 ms, found 2 plugins.
Preloading 0 native plugins for Editor in 0.00 ms.
Mono: successfully reloaded assembly
- Completed reload, in  4.377 seconds
Platform modules already initialized, skipping
Registering precompiled user dll's ...
Registered in 0.007434 seconds.
Begin MonoManager ReloadAssembly
Native extension for WindowsStandalone target not found
Native extension for WebGL target not found
Refreshing native plugins compatible for Editor in 89.59 ms, found 2 plugins.
Preloading 0 native plugins for Editor in 0.00 ms.
Mono: successfully reloaded assembly
- Completed reload, in  2.123 seconds
Platform modules already initialized, skipping
========================================================================
Worker process is ready to serve import requests
Shader 'Universal Render Pipeline/Particles/Lit': fallback shader 'Universal Render Pipeline/Particles/SimpleLit' not found
Launched and connected shader compiler UnityShaderCompiler.exe after 0.07 seconds
Refreshing native plugins compatible for Editor in 0.78 ms, found 2 plugins.
Preloading 0 native plugins for Editor in 0.00 ms.
Unloading 2693 Unused Serialized files (Serialized files now loaded: 0)
System memory in use before: 121.7 MB.
System memory in use after: 121.9 MB.

Unloading 19 unused Assets to reduce memory usage. Loaded Objects now: 3126.
Total: 3.453600 ms (FindLiveObjects: 0.537500 ms CreateObjectMapping: 0.162100 ms MarkObjects: 2.658100 ms  DeleteObjects: 0.094500 ms)

========================================================================
Received Prepare
Registering precompiled user dll's ...
Registered in 0.007227 seconds.
Begin MonoManager ReloadAssembly
Native extension for WindowsStandalone target not found
Native extension for WebGL target not found
Refreshing native plugins compatible for Editor in 0.79 ms, found 2 plugins.
Preloading 0 native plugins for Editor in 0.00 ms.
Mono: successfully reloaded assembly
- Completed reload, in  1.769 seconds
Platform modules already initialized, skipping
Shader 'Universal Render Pipeline/Particles/Lit': fallback shader 'Universal Render Pipeline/Particles/SimpleLit' not found
Refreshing native plugins compatible for Editor in 0.90 ms, found 2 plugins.
Preloading 0 native plugins for Editor in 0.00 ms.
Unloading 2584 Unused Serialized files (Serialized files now loaded: 0)
System memory in use before: 114.6 MB.
System memory in use after: 114.9 MB.

Unloading 14 unused Assets to reduce memory usage. Loaded Objects now: 3129.
Total: 3.353300 ms (FindLiveObjects: 0.548800 ms CreateObjectMapping: 0.145600 ms MarkObjects: 2.616100 ms  DeleteObjects: 0.041500 ms)

========================================================================
Received Import Request.
  path: Assets/Scripts/MainManager.cs
  artifactKey: Guid(d110623a642692246a42fbc2d8d89884) Importer(815301076,1909f56bfc062723c751e8b465ee728b)
Start importing Assets/Scripts/MainManager.cs using Guid(d110623a642692246a42fbc2d8d89884) Importer(815301076,1909f56bfc062723c751e8b465ee728b)  -> (artifact id: 'bd85a73c0f511fcfeec6fbc5660dadef') in 0.069479 seconds
  Import took 0.075027 seconds .

========================================================================
Received Import Request.
  Time since last request: 0.000552 seconds.
  path: Assets/Scenes/Start Menu.unity
  artifactKey: Guid(255a5c4fc3c98304fb6ce88ba4fce6fd) Importer(815301076,1909f56bfc062723c751e8b465ee728b)
Start importing Assets/Scenes/Start Menu.unity using Guid(255a5c4fc3c98304fb6ce88ba4fce6fd) Importer(815301076,1909f56bfc062723c751e8b465ee728b)  -> (artifact id: '9fe37ba7d5c1c941aedc77caca61e2a8') in 0.015264 seconds
  Import took 0.020341 seconds .

========================================================================
Received Import Request.
  Time since last request: 0.861108 seconds.
  path: Assets/Scenes/Start Menu.unity
  artifactKey: Guid(255a5c4fc3c98304fb6ce88ba4fce6fd) Importer(815301076,1909f56bfc062723c751e8b465ee728b)
Start importing Assets/Scenes/Start Menu.unity using Guid(255a5c4fc3c98304fb6ce88ba4fce6fd) Importer(815301076,1909f56bfc062723c751e8b465ee728b)  -> (artifact id: '31b3e703d0ab2730820f8bc52fd28ae5') in 0.002786 seconds
  Import took 0.009988 seconds .

========================================================================
Received Prepare
Registering precompiled user dll's ...
Registered in 0.007694 seconds.
Begin MonoManager ReloadAssembly
Native extension for WindowsStandalone target not found
Native extension for WebGL target not found
Refreshing native plugins compatible for Editor in 0.87 ms, found 2 plugins.
Preloading 0 native plugins for Editor in 0.00 ms.
Mono: successfully reloaded assembly
- Completed reload, in  1.801 seconds
Platform modules already initialized, skipping
Shader 'Universal Render Pipeline/Particles/Lit': fallback shader 'Universal Render Pipeline/Particles/SimpleLit' not found
Refreshing native plugins compatible for Editor in 0.84 ms, found 2 plugins.
Preloading 0 native plugins for Editor in 0.00 ms.
Unloading 2585 Unused Serialized files (Serialized files now loaded: 0)
System memory in use before: 114.7 MB.
System memory in use after: 115.0 MB.

Unloading 14 unused Assets to reduce memory usage. Loaded Objects now: 3133.
Total: 3.603600 ms (FindLiveObjects: 0.511200 ms CreateObjectMapping: 0.141600 ms MarkObjects: 2.908100 ms  DeleteObjects: 0.040500 ms)

========================================================================
Received Prepare
Registering precompiled user dll's ...
Registered in 0.008424 seconds.
Begin MonoManager ReloadAssembly
Native extension for WindowsStandalone target not found
Native extension for WebGL target not found
Refreshing native plugins compatible for Editor in 0.84 ms, found 2 plugins.
Preloading 0 native plugins for Editor in 0.00 ms.
Mono: successfully reloaded assembly
- Completed reload, in  1.721 seconds
Platform modules already initialized, skipping
Shader 'Universal Render Pipeline/Particles/Lit': fallback shader 'Universal Render Pipeline/Particles/SimpleLit' not found
Refreshing native plugins compatible for Editor in 0.75 ms, found 2 plugins.
Preloading 0 native plugins for Editor in 0.00 ms.
Unloading 2585 Unused Serialized files (Serialized files now loaded: 0)
System memory in use before: 114.8 MB.
System memory in use after: 115.0 MB.

Unloading 14 unused Assets to reduce memory usage. Loaded Objects now: 3136.
Total: 3.600600 ms (FindLiveObjects: 0.516700 ms CreateObjectMapping: 0.155800 ms MarkObjects: 2.889300 ms  DeleteObjects: 0.037000 ms)

========================================================================
Received Prepare
Registering precompiled user dll's ...
Registered in 0.007111 seconds.
Begin MonoManager ReloadAssembly
Native extension for WindowsStandalone target not found
Native extension for WebGL target not found
Refreshing native plugins compatible for Editor in 0.84 ms, found 2 plugins.
Preloading 0 native plugins for Editor in 0.00 ms.
Mono: successfully reloaded assembly
- Completed reload, in  1.721 seconds
Platform modules already initialized, skipping
Shader 'Universal Render Pipeline/Particles/Lit': fallback shader 'Universal Render Pipeline/Particles/SimpleLit' not found
Refreshing native plugins compatible for Editor in 0.77 ms, found 2 plugins.
Preloading 0 native plugins for Editor in 0.00 ms.
Unloading 2585 Unused Serialized files (Serialized files now loaded: 0)
System memory in use before: 114.8 MB.
System memory in use after: 115.0 MB.

Unloading 14 unused Assets to reduce memory usage. Loaded Objects now: 3139.
Total: 3.510500 ms (FindLiveObjects: 0.488500 ms CreateObjectMapping: 0.325500 ms MarkObjects: 2.639700 ms  DeleteObjects: 0.055100 ms)

========================================================================
Received Prepare
Registering precompiled user dll's ...
Registered in 0.007097 seconds.
Begin MonoManager ReloadAssembly
Native extension for WindowsStandalone target not found
Native extension for WebGL target not found
Refreshing native plugins compatible for Editor in 0.92 ms, found 2 plugins.
Preloading 0 native plugins for Editor in 0.00 ms.
Mono: successfully reloaded assembly
- Completed reload, in  1.808 seconds
Platform modules already initialized, skipping
Shader 'Universal Render Pipeline/Particles/Lit': fallback shader 'Universal Render Pipeline/Particles/SimpleLit' not found
Refreshing native plugins compatible for Editor in 0.77 ms, found 2 plugins.
Preloading 0 native plugins for Editor in 0.00 ms.
Unloading 2586 Unused Serialized files (Serialized files now loaded: 0)
System memory in use before: 114.8 MB.
System memory in use after: 115.0 MB.

Unloading 14 unused Assets to reduce memory usage. Loaded Objects now: 3143.
Total: 4.190300 ms (FindLiveObjects: 0.527600 ms CreateObjectMapping: 0.146100 ms MarkObjects: 3.483000 ms  DeleteObjects: 0.028600 ms)

========================================================================
Received Prepare
Registering precompiled user dll's ...
Registered in 0.007779 seconds.
Begin MonoManager ReloadAssembly
Native extension for WindowsStandalone target not found
Native extension for WebGL target not found
Refreshing native plugins compatible for Editor in 0.80 ms, found 2 plugins.
Preloading 0 native plugins for Editor in 0.00 ms.
Mono: successfully reloaded assembly
- Completed reload, in  1.752 seconds
Platform modules already initialized, skipping
Shader 'Universal Render Pipeline/Particles/Lit': fallback shader 'Universal Render Pipeline/Particles/SimpleLit' not found
Refreshing native plugins compatible for Editor in 0.78 ms, found 2 plugins.
Preloading 0 native plugins for Editor in 0.00 ms.
Unloading 2586 Unused Serialized files (Serialized files now loaded: 0)
System memory in use before: 114.8 MB.
System memory in use after: 115.0 MB.

Unloading 14 unused Assets to reduce memory usage. Loaded Objects now: 3146.
Total: 5.693100 ms (FindLiveObjects: 0.528300 ms CreateObjectMapping: 0.144300 ms MarkObjects: 4.977900 ms  DeleteObjects: 0.040800 ms)

========================================================================
Received Import Request.
  Time since last request: 312.517019 seconds.
  path: Assets/MenuUIHandler.cs
  artifactKey: Guid(819544a2188972d4aaee17a0a807f409) Importer(815301076,1909f56bfc062723c751e8b465ee728b)
Start importing Assets/MenuUIHandler.cs using Guid(819544a2188972d4aaee17a0a807f409) Importer(815301076,1909f56bfc062723c751e8b465ee728b)  -> (artifact id: '87f55c69fb896244a15cc1f8685f5dbf') in 0.007537 seconds
  Import took 0.013421 seconds .

========================================================================
Received Prepare
Registering precompiled user dll's ...
Registered in 0.007276 seconds.
Begin MonoManager ReloadAssembly
Native extension for WindowsStandalone target not found
Native extension for WebGL target not found
Refreshing native plugins compatible for Editor in 0.76 ms, found 2 plugins.
Preloading 0 native plugins for Editor in 0.00 ms.
Mono: successfully reloaded assembly
- Completed reload, in  1.722 seconds
Platform modules already initialized, skipping
Shader 'Universal Render Pipeline/Particles/Lit': fallback shader 'Universal Render Pipeline/Particles/SimpleLit' not found
Refreshing native plugins compatible for Editor in 1.10 ms, found 2 plugins.
Preloading 0 native plugins for Editor in 0.00 ms.
Unloading 2586 Unused Serialized files (Serialized files now loaded: 0)
System memory in use before: 114.8 MB.
System memory in use after: 115.0 MB.

Unloading 14 unused Assets to reduce memory usage. Loaded Objects now: 3149.
Total: 3.468100 ms (FindLiveObjects: 0.518700 ms CreateObjectMapping: 0.141000 ms MarkObjects: 2.776300 ms  DeleteObjects: 0.030700 ms)

========================================================================
Received Prepare
Registering precompiled user dll's ...
Registered in 0.007476 seconds.
Begin MonoManager ReloadAssembly
Native extension for WindowsStandalone target not found
Native extension for WebGL target not found
Refreshing native plugins compatible for Editor in 1.13 ms, found 2 plugins.
Preloading 0 native plugins for Editor in 0.00 ms.
Mono: successfully reloaded assembly
- Completed reload, in  1.719 seconds
Platform modules already initialized, skipping
Shader 'Universal Render Pipeline/Particles/Lit': fallback shader 'Universal Render Pipeline/Particles/SimpleLit' not found
Refreshing native plugins compatible for Editor in 0.77 ms, found 2 plugins.
Preloading 0 native plugins for Editor in 0.00 ms.
Unloading 2586 Unused Serialized files (Serialized files now loaded: 0)
System memory in use before: 114.8 MB.
System memory in use after: 115.1 MB.

Unloading 14 unused Assets to reduce memory usage. Loaded Objects now: 3152.
Total: 3.611500 ms (FindLiveObjects: 0.482500 ms CreateObjectMapping: 0.140100 ms MarkObjects: 2.941700 ms  DeleteObjects: 0.045500 ms)

========================================================================
Received Import Request.
  Time since last request: 192.603383 seconds.
  path: Assets/Materials/Brick.mat
  artifactKey: Guid(5ece0b49f1ea03d41b4d2d9863527d99) Importer(815301076,1909f56bfc062723c751e8b465ee728b)
Start importing Assets/Materials/Brick.mat using Guid(5ece0b49f1ea03d41b4d2d9863527d99) Importer(815301076,1909f56bfc062723c751e8b465ee728b)  -> (artifact id: '6f1893116a2999acb4f169bfb1128c7e') in 0.351435 seconds
  Import took 0.358261 seconds .

========================================================================
Received Import Request.
  Time since last request: 0.000354 seconds.
  path: Assets/Settings/UniversalRP-LowQuality.asset
  artifactKey: Guid(a31e9f9f9c9d4b9429ed0d1234e22103) Importer(815301076,1909f56bfc062723c751e8b465ee728b)
Start importing Assets/Settings/UniversalRP-LowQuality.asset using Guid(a31e9f9f9c9d4b9429ed0d1234e22103) Importer(815301076,1909f56bfc062723c751e8b465ee728b)  -> (artifact id: '177cecf847260b11228d82849888d535') in 0.006733 seconds
  Import took 0.016450 seconds .

========================================================================
Received Import Request.
  Time since last request: 0.000449 seconds.
  path: Assets/Materials/Brick.mat
  artifactKey: Guid(5ece0b49f1ea03d41b4d2d9863527d99) Importer(815301076,1909f56bfc062723c751e8b465ee728b)
Start importing Assets/Materials/Brick.mat using Guid(5ece0b49f1ea03d41b4d2d9863527d99) Importer(815301076,1909f56bfc062723c751e8b465ee728b)  -> (artifact id: '6f1893116a2999acb4f169bfb1128c7e') in 0.010624 seconds
  Import took 0.016115 seconds .

========================================================================
Received Import Request.
  Time since last request: 0.000383 seconds.
  path: Assets/Materials/DeathZone.mat
  artifactKey: Guid(b171e0a86dd2cfb4d92092061cb1d5f1) Importer(815301076,1909f56bfc062723c751e8b465ee728b)
Start importing Assets/Materials/DeathZone.mat using Guid(b171e0a86dd2cfb4d92092061cb1d5f1) Importer(815301076,1909f56bfc062723c751e8b465ee728b)  -> (artifact id: 'fb252431dd7fd8d9e0a5dd737e4aa127') in 0.014932 seconds
  Import took 0.021013 seconds .

========================================================================
Received Import Request.
  Time since last request: 0.000395 seconds.
  path: Assets/Prefabs/BrickPrefab.prefab
  artifactKey: Guid(63f25b9733d2bcd4fa2ff6de1264c739) Importer(815301076,1909f56bfc062723c751e8b465ee728b)
Start importing Assets/Prefabs/BrickPrefab.prefab using Guid(63f25b9733d2bcd4fa2ff6de1264c739) Importer(815301076,1909f56bfc062723c751e8b465ee728b)  -> (artifact id: '14c0ab4629d45748b23c78283eedb89f') in 0.036769 seconds
  Import took 0.042805 seconds .

========================================================================
Received Import Request.
  Time since last request: 0.000335 seconds.
  path: Assets/Settings/ForwardRenderer.asset
  artifactKey: Guid(4a8e21d5c33334b11b34a596161b9360) Importer(815301076,1909f56bfc062723c751e8b465ee728b)
Start importing Assets/Settings/ForwardRenderer.asset using Guid(4a8e21d5c33334b11b34a596161b9360) Importer(815301076,1909f56bfc062723c751e8b465ee728b)  -> (artifact id: '2807e69f866dd67ed2ab5385a03bd32f') in 0.007116 seconds
  Import took 0.012798 seconds .

========================================================================
Received Import Request.
  Time since last request: 0.001334 seconds.
  path: Assets/Settings/ForwardRenderer.asset
  artifactKey: Guid(4a8e21d5c33334b11b34a596161b9360) Importer(815301076,1909f56bfc062723c751e8b465ee728b)
Start importing Assets/Settings/ForwardRenderer.asset using Guid(4a8e21d5c33334b11b34a596161b9360) Importer(815301076,1909f56bfc062723c751e8b465ee728b)  -> (artifact id: '2807e69f866dd67ed2ab5385a03bd32f') in 0.004210 seconds
  Import took 0.009583 seconds .

========================================================================
Received Import Request.
  Time since last request: 180.334316 seconds.
  path: Assets/Scripts/MenuManager.cs
  artifactKey: Guid(a9e4a1f69901696478653a9439baa217) Importer(815301076,1909f56bfc062723c751e8b465ee728b)
Start importing Assets/Scripts/MenuManager.cs using Guid(a9e4a1f69901696478653a9439baa217) Importer(815301076,1909f56bfc062723c751e8b465ee728b)  -> (artifact id: 'bdc475dfcaefa59a95f1d0eba70ac658') in 0.003900 seconds
  Import took 0.012266 seconds .

========================================================================
Received Import Request.
  Time since last request: 137.065423 seconds.
  path: Assets/Scripts/PlayerDataManager.cs
  artifactKey: Guid(a9e4a1f69901696478653a9439baa217) Importer(815301076,1909f56bfc062723c751e8b465ee728b)
Start importing Assets/Scripts/PlayerDataManager.cs using Guid(a9e4a1f69901696478653a9439baa217) Importer(815301076,1909f56bfc062723c751e8b465ee728b)  -> (artifact id: '762a638a659feea601eb5fcac0a91159') in 0.003353 seconds
  Import took 0.026149 seconds .

========================================================================
Received Prepare
Registering precompiled user dll's ...
Registered in 0.007279 seconds.
Begin MonoManager ReloadAssembly
Native extension for WindowsStandalone target not found
Native extension for WebGL target not found
Refreshing native plugins compatible for Editor in 0.77 ms, found 2 plugins.
Preloading 0 native plugins for Editor in 0.00 ms.
Mono: successfully reloaded assembly
- Completed reload, in  1.921 seconds
Platform modules already initialized, skipping
Shader 'Universal Render Pipeline/Particles/Lit': fallback shader 'Universal Render Pipeline/Particles/SimpleLit' not found
Refreshing native plugins compatible for Editor in 0.77 ms, found 2 plugins.
Preloading 0 native plugins for Editor in 0.00 ms.
Unloading 2588 Unused Serialized files (Serialized files now loaded: 0)
System memory in use before: 120.3 MB.
System memory in use after: 120.5 MB.

Unloading 14 unused Assets to reduce memory usage. Loaded Objects now: 3236.
Total: 4.171000 ms (FindLiveObjects: 0.608500 ms CreateObjectMapping: 0.146000 ms MarkObjects: 3.383800 ms  DeleteObjects: 0.031000 ms)

========================================================================
Received Import Request.
  Time since last request: 264.772760 seconds.
  path: Assets/Scenes/main.unity
  artifactKey: Guid(78a510c781f19db4da14f78ebb30946a) Importer(815301076,1909f56bfc062723c751e8b465ee728b)
Start importing Assets/Scenes/main.unity using Guid(78a510c781f19db4da14f78ebb30946a) Importer(815301076,1909f56bfc062723c751e8b465ee728b)  -> (artifact id: '5d6cccf18aa847a84f5ed8243b930509') in 0.025820 seconds
  Import took 0.032068 seconds .

========================================================================
Received Prepare
Registering precompiled user dll's ...
Registered in 0.006221 seconds.
Begin MonoManager ReloadAssembly
Native extension for WindowsStandalone target not found
Native extension for WebGL target not found
Refreshing native plugins compatible for Editor in 0.76 ms, found 2 plugins.
Preloading 0 native plugins for Editor in 0.00 ms.
Mono: successfully reloaded assembly
- Completed reload, in  1.737 seconds
Platform modules already initialized, skipping
Shader 'Universal Render Pipeline/Particles/Lit': fallback shader 'Universal Render Pipeline/Particles/SimpleLit' not found
Refreshing native plugins compatible for Editor in 0.81 ms, found 2 plugins.
Preloading 0 native plugins for Editor in 0.00 ms.
Unloading 2587 Unused Serialized files (Serialized files now loaded: 0)
System memory in use before: 120.4 MB.
System memory in use after: 120.6 MB.

Unloading 14 unused Assets to reduce memory usage. Loaded Objects now: 3240.
Total: 3.571100 ms (FindLiveObjects: 0.526400 ms CreateObjectMapping: 0.151800 ms MarkObjects: 2.858200 ms  DeleteObjects: 0.033500 ms)

========================================================================
Received Import Request.
  Time since last request: 138.335723 seconds.
  path: ProjectSettings/TagManager.asset
  artifactKey: Guid(00000000000000003000000000000000) Importer(815301076,1909f56bfc062723c751e8b465ee728b)
Start importing ProjectSettings/TagManager.asset using Guid(00000000000000003000000000000000) Importer(815301076,1909f56bfc062723c751e8b465ee728b)  -> (artifact id: '7a10eeb65113d7797b4cf00370d37093') in 0.032232 seconds
  Import took 0.039701 seconds .

========================================================================
Received Prepare
Registering precompiled user dll's ...
Registered in 0.006181 seconds.
Begin MonoManager ReloadAssembly
Native extension for WindowsStandalone target not found
Native extension for WebGL target not found
Refreshing native plugins compatible for Editor in 0.78 ms, found 2 plugins.
Preloading 0 native plugins for Editor in 0.00 ms.
Mono: successfully reloaded assembly
- Completed reload, in  1.728 seconds
Platform modules already initialized, skipping
Shader 'Universal Render Pipeline/Particles/Lit': fallback shader 'Universal Render Pipeline/Particles/SimpleLit' not found
Refreshing native plugins compatible for Editor in 0.85 ms, found 2 plugins.
Preloading 0 native plugins for Editor in 0.00 ms.
Unloading 2587 Unused Serialized files (Serialized files now loaded: 0)
System memory in use before: 120.4 MB.
System memory in use after: 120.6 MB.

Unloading 15 unused Assets to reduce memory usage. Loaded Objects now: 3243.
Total: 3.791400 ms (FindLiveObjects: 0.523400 ms CreateObjectMapping: 0.141600 ms MarkObjects: 3.095900 ms  DeleteObjects: 0.029000 ms)

========================================================================
Received Import Request.
  Time since last request: 465.139382 seconds.
  path: Assets/HUDHandler.cs
  artifactKey: Guid(ee2cf9546e4842044a02c3d1940661ab) Importer(815301076,1909f56bfc062723c751e8b465ee728b)
Start importing Assets/HUDHandler.cs using Guid(ee2cf9546e4842044a02c3d1940661ab) Importer(815301076,1909f56bfc062723c751e8b465ee728b)  -> (artifact id: '93e082b834187fa8003756f47991d15a') in 0.010612 seconds
  Import took 0.017404 seconds .

========================================================================
Received Prepare
Registering precompiled user dll's ...
Registered in 0.008154 seconds.
Begin MonoManager ReloadAssembly
Native extension for WindowsStandalone target not found
Native extension for WebGL target not found
Refreshing native plugins compatible for Editor in 0.82 ms, found 2 plugins.
Preloading 0 native plugins for Editor in 0.00 ms.
Mono: successfully reloaded assembly
- Completed reload, in  1.914 seconds
Platform modules already initialized, skipping
Shader 'Universal Render Pipeline/Particles/Lit': fallback shader 'Universal Render Pipeline/Particles/SimpleLit' not found
Refreshing native plugins compatible for Editor in 0.80 ms, found 2 plugins.
Preloading 0 native plugins for Editor in 0.00 ms.
Unloading 2587 Unused Serialized files (Serialized files now loaded: 0)
System memory in use before: 120.4 MB.
System memory in use after: 120.7 MB.

Unloading 14 unused Assets to reduce memory usage. Loaded Objects now: 3246.
Total: 3.559000 ms (FindLiveObjects: 0.555700 ms CreateObjectMapping: 0.142400 ms MarkObjects: 2.828000 ms  DeleteObjects: 0.031200 ms)

========================================================================
Received Prepare
Registering precompiled user dll's ...
Registered in 0.006533 seconds.
Begin MonoManager ReloadAssembly
Native extension for WindowsStandalone target not found
Native extension for WebGL target not found
Refreshing native plugins compatible for Editor in 0.80 ms, found 2 plugins.
Preloading 0 native plugins for Editor in 0.00 ms.
Mono: successfully reloaded assembly
- Completed reload, in  1.776 seconds
Platform modules already initialized, skipping
Shader 'Universal Render Pipeline/Particles/Lit': fallback shader 'Universal Render Pipeline/Particles/SimpleLit' not found
Refreshing native plugins compatible for Editor in 0.77 ms, found 2 plugins.
Preloading 0 native plugins for Editor in 0.00 ms.
Unloading 2587 Unused Serialized files (Serialized files now loaded: 0)
System memory in use before: 120.4 MB.
System memory in use after: 120.7 MB.

Unloading 14 unused Assets to reduce memory usage. Loaded Objects now: 3249.
Total: 3.526100 ms (FindLiveObjects: 0.543300 ms CreateObjectMapping: 0.137700 ms MarkObjects: 2.815300 ms  DeleteObjects: 0.028300 ms)

========================================================================
Received Import Request.
  Time since last request: 11.590921 seconds.
  path: Assets/Scenes/Start Menu.unity
  artifactKey: Guid(255a5c4fc3c98304fb6ce88ba4fce6fd) Importer(815301076,1909f56bfc062723c751e8b465ee728b)
Start importing Assets/Scenes/Start Menu.unity using Guid(255a5c4fc3c98304fb6ce88ba4fce6fd) Importer(815301076,1909f56bfc062723c751e8b465ee728b)  -> (artifact id: '0a815091b04bde372a794744c9f47a41') in 0.024924 seconds
  Import took 0.031784 seconds .

========================================================================
Received Prepare
Registering precompiled user dll's ...
Registered in 0.006137 seconds.
Begin MonoManager ReloadAssembly
Native extension for WindowsStandalone target not found
Native extension for WebGL target not found
Refreshing native plugins compatible for Editor in 0.76 ms, found 2 plugins.
Preloading 0 native plugins for Editor in 0.00 ms.
Mono: successfully reloaded assembly
- Completed reload, in  1.714 seconds
Platform modules already initialized, skipping
Shader 'Universal Render Pipeline/Particles/Lit': fallback shader 'Universal Render Pipeline/Particles/SimpleLit' not found
Refreshing native plugins compatible for Editor in 0.74 ms, found 2 plugins.
Preloading 0 native plugins for Editor in 0.00 ms.
Unloading 2587 Unused Serialized files (Serialized files now loaded: 0)
System memory in use before: 120.4 MB.
System memory in use after: 120.7 MB.

Unloading 14 unused Assets to reduce memory usage. Loaded Objects now: 3252.
Total: 3.256700 ms (FindLiveObjects: 0.469000 ms CreateObjectMapping: 0.139400 ms MarkObjects: 2.611900 ms  DeleteObjects: 0.035100 ms)

========================================================================
Received Prepare
Registering precompiled user dll's ...
Registered in 0.006386 seconds.
Begin MonoManager ReloadAssembly
Native extension for WindowsStandalone target not found
Native extension for WebGL target not found
Refreshing native plugins compatible for Editor in 1.29 ms, found 2 plugins.
Preloading 0 native plugins for Editor in 0.00 ms.
Mono: successfully reloaded assembly
- Completed reload, in  1.759 seconds
Platform modules already initialized, skipping
Shader 'Universal Render Pipeline/Particles/Lit': fallback shader 'Universal Render Pipeline/Particles/SimpleLit' not found
Refreshing native plugins compatible for Editor in 0.76 ms, found 2 plugins.
Preloading 0 native plugins for Editor in 0.00 ms.
Unloading 2587 Unused Serialized files (Serialized files now loaded: 0)
System memory in use before: 120.4 MB.
System memory in use after: 120.7 MB.

Unloading 14 unused Assets to reduce memory usage. Loaded Objects now: 3255.
Total: 3.756300 ms (FindLiveObjects: 0.499000 ms CreateObjectMapping: 0.145400 ms MarkObjects: 3.069900 ms  DeleteObjects: 0.040200 ms)

========================================================================
Received Prepare
Registering precompiled user dll's ...
Registered in 0.006903 seconds.
Begin MonoManager ReloadAssembly
Native extension for WindowsStandalone target not found
Native extension for WebGL target not found
Refreshing native plugins compatible for Editor in 0.77 ms, found 2 plugins.
Preloading 0 native plugins for Editor in 0.00 ms.
Mono: successfully reloaded assembly
- Completed reload, in  1.769 seconds
Platform modules already initialized, skipping
Shader 'Universal Render Pipeline/Particles/Lit': fallback shader 'Universal Render Pipeline/Particles/SimpleLit' not found
Refreshing native plugins compatible for Editor in 0.75 ms, found 2 plugins.
Preloading 0 native plugins for Editor in 0.00 ms.
Unloading 2587 Unused Serialized files (Serialized files now loaded: 0)
System memory in use before: 120.5 MB.
System memory in use after: 120.7 MB.

Unloading 14 unused Assets to reduce memory usage. Loaded Objects now: 3258.
Total: 3.569700 ms (FindLiveObjects: 0.470100 ms CreateObjectMapping: 0.135800 ms MarkObjects: 2.937800 ms  DeleteObjects: 0.024800 ms)

========================================================================
Received Prepare
Registering precompiled user dll's ...
Registered in 0.007159 seconds.
Begin MonoManager ReloadAssembly
Native extension for WindowsStandalone target not found
Native extension for WebGL target not found
Refreshing native plugins compatible for Editor in 0.76 ms, found 2 plugins.
Preloading 0 native plugins for Editor in 0.00 ms.
Mono: successfully reloaded assembly
- Completed reload, in  1.754 seconds
Platform modules already initialized, skipping
Shader 'Universal Render Pipeline/Particles/Lit': fallback shader 'Universal Render Pipeline/Particles/SimpleLit' not found
Refreshing native plugins compatible for Editor in 0.79 ms, found 2 plugins.
Preloading 0 native plugins for Editor in 0.00 ms.
Unloading 2587 Unused Serialized files (Serialized files now loaded: 0)
System memory in use before: 120.5 MB.
System memory in use after: 120.7 MB.

Unloading 14 unused Assets to reduce memory usage. Loaded Objects now: 3261.
Total: 3.560700 ms (FindLiveObjects: 0.528000 ms CreateObjectMapping: 0.139800 ms MarkObjects: 2.858500 ms  DeleteObjects: 0.032900 ms)

========================================================================
Received Prepare
Registering precompiled user dll's ...
Registered in 0.006092 seconds.
Begin MonoManager ReloadAssembly
Native extension for WindowsStandalone target not found
Native extension for WebGL target not found
Refreshing native plugins compatible for Editor in 0.76 ms, found 2 plugins.
Preloading 0 native plugins for Editor in 0.00 ms.
Mono: successfully reloaded assembly
- Completed reload, in  1.733 seconds
Platform modules already initialized, skipping
Shader 'Universal Render Pipeline/Particles/Lit': fallback shader 'Universal Render Pipeline/Particles/SimpleLit' not found
Refreshing native plugins compatible for Editor in 0.75 ms, found 2 plugins.
Preloading 0 native plugins for Editor in 0.00 ms.
Unloading 2587 Unused Serialized files (Serialized files now loaded: 0)
System memory in use before: 120.5 MB.
System memory in use after: 120.7 MB.

Unloading 14 unused Assets to reduce memory usage. Loaded Objects now: 3264.
Total: 3.505500 ms (FindLiveObjects: 0.527300 ms CreateObjectMapping: 0.228400 ms MarkObjects: 2.725100 ms  DeleteObjects: 0.023400 ms)

========================================================================
Received Prepare
Registering precompiled user dll's ...
Registered in 0.006304 seconds.
Begin MonoManager ReloadAssembly
Native extension for WindowsStandalone target not found
Native extension for WebGL target not found
Refreshing native plugins compatible for Editor in 0.74 ms, found 2 plugins.
Preloading 0 native plugins for Editor in 0.00 ms.
Mono: successfully reloaded assembly
- Completed reload, in  1.688 seconds
Platform modules already initialized, skipping
Shader 'Universal Render Pipeline/Particles/Lit': fallback shader 'Universal Render Pipeline/Particles/SimpleLit' not found
Refreshing native plugins compatible for Editor in 0.78 ms, found 2 plugins.
Preloading 0 native plugins for Editor in 0.00 ms.
Unloading 2587 Unused Serialized files (Serialized files now loaded: 0)
System memory in use before: 120.5 MB.
System memory in use after: 120.7 MB.

Unloading 14 unused Assets to reduce memory usage. Loaded Objects now: 3267.
Total: 3.396100 ms (FindLiveObjects: 0.538900 ms CreateObjectMapping: 0.138300 ms MarkObjects: 2.690000 ms  DeleteObjects: 0.027600 ms)

========================================================================
Received Prepare
Registering precompiled user dll's ...
Registered in 0.006225 seconds.
Begin MonoManager ReloadAssembly
Native extension for WindowsStandalone target not found
Native extension for WebGL target not found
Refreshing native plugins compatible for Editor in 0.75 ms, found 2 plugins.
Preloading 0 native plugins for Editor in 0.00 ms.
Mono: successfully reloaded assembly
- Completed reload, in  1.691 seconds
Platform modules already initialized, skipping
Shader 'Universal Render Pipeline/Particles/Lit': fallback shader 'Universal Render Pipeline/Particles/SimpleLit' not found
Refreshing native plugins compatible for Editor in 0.80 ms, found 2 plugins.
Preloading 0 native plugins for Editor in 0.00 ms.
Unloading 2587 Unused Serialized files (Serialized files now loaded: 0)
System memory in use before: 120.5 MB.
System memory in use after: 120.7 MB.

Unloading 14 unused Assets to reduce memory usage. Loaded Objects now: 3270.
Total: 3.456000 ms (FindLiveObjects: 0.494700 ms CreateObjectMapping: 0.138400 ms MarkObjects: 2.785300 ms  DeleteObjects: 0.026700 ms)

========================================================================
Received Prepare
Registering precompiled user dll's ...
Registered in 0.006082 seconds.
Begin MonoManager ReloadAssembly
Native extension for WindowsStandalone target not found
Native extension for WebGL target not found
Refreshing native plugins compatible for Editor in 0.80 ms, found 2 plugins.
Preloading 0 native plugins for Editor in 0.00 ms.
Mono: successfully reloaded assembly
- Completed reload, in  1.826 seconds
Platform modules already initialized, skipping
Shader 'Universal Render Pipeline/Particles/Lit': fallback shader 'Universal Render Pipeline/Particles/SimpleLit' not found
Refreshing native plugins compatible for Editor in 0.80 ms, found 2 plugins.
Preloading 0 native plugins for Editor in 0.00 ms.
Unloading 2587 Unused Serialized files (Serialized files now loaded: 0)
System memory in use before: 120.5 MB.
System memory in use after: 120.7 MB.

Unloading 14 unused Assets to reduce memory usage. Loaded Objects now: 3273.
Total: 4.151300 ms (FindLiveObjects: 0.547800 ms CreateObjectMapping: 0.152000 ms MarkObjects: 3.420400 ms  DeleteObjects: 0.029100 ms)

========================================================================
Received Prepare
Registering precompiled user dll's ...
Registered in 0.007684 seconds.
Begin MonoManager ReloadAssembly
Native extension for WindowsStandalone target not found
Native extension for WebGL target not found
Refreshing native plugins compatible for Editor in 0.78 ms, found 2 plugins.
Preloading 0 native plugins for Editor in 0.00 ms.
Mono: successfully reloaded assembly
- Completed reload, in  1.893 seconds
Platform modules already initialized, skipping
Shader 'Universal Render Pipeline/Particles/Lit': fallback shader 'Universal Render Pipeline/Particles/SimpleLit' not found
Refreshing native plugins compatible for Editor in 1.00 ms, found 2 plugins.
Preloading 0 native plugins for Editor in 0.00 ms.
Unloading 2587 Unused Serialized files (Serialized files now loaded: 0)
System memory in use before: 120.5 MB.
System memory in use after: 120.7 MB.

Unloading 14 unused Assets to reduce memory usage. Loaded Objects now: 3276.
Total: 3.848700 ms (FindLiveObjects: 0.533400 ms CreateObjectMapping: 0.151400 ms MarkObjects: 3.132000 ms  DeleteObjects: 0.030100 ms)

========================================================================
Received Prepare
Registering precompiled user dll's ...
Registered in 0.006125 seconds.
Begin MonoManager ReloadAssembly
Native extension for WindowsStandalone target not found
Native extension for WebGL target not found
Refreshing native plugins compatible for Editor in 0.82 ms, found 2 plugins.
Preloading 0 native plugins for Editor in 0.00 ms.
Mono: successfully reloaded assembly
- Completed reload, in  1.711 seconds
Platform modules already initialized, skipping
Shader 'Universal Render Pipeline/Particles/Lit': fallback shader 'Universal Render Pipeline/Particles/SimpleLit' not found
Refreshing native plugins compatible for Editor in 1.01 ms, found 2 plugins.
Preloading 0 native plugins for Editor in 0.00 ms.
Unloading 2587 Unused Serialized files (Serialized files now loaded: 0)
System memory in use before: 120.5 MB.
System memory in use after: 120.7 MB.

Unloading 14 unused Assets to reduce memory usage. Loaded Objects now: 3279.
Total: 3.644200 ms (FindLiveObjects: 0.511000 ms CreateObjectMapping: 0.145900 ms MarkObjects: 2.955300 ms  DeleteObjects: 0.030800 ms)

========================================================================
Received Prepare
Registering precompiled user dll's ...
Registered in 0.007976 seconds.
Begin MonoManager ReloadAssembly
Native extension for WindowsStandalone target not found
Native extension for WebGL target not found
Refreshing native plugins compatible for Editor in 0.80 ms, found 2 plugins.
Preloading 0 native plugins for Editor in 0.00 ms.
Mono: successfully reloaded assembly
- Completed reload, in  1.661 seconds
Platform modules already initialized, skipping
Shader 'Universal Render Pipeline/Particles/Lit': fallback shader 'Universal Render Pipeline/Particles/SimpleLit' not found
Refreshing native plugins compatible for Editor in 1.06 ms, found 2 plugins.
Preloading 0 native plugins for Editor in 0.00 ms.
Unloading 2587 Unused Serialized files (Serialized files now loaded: 0)
System memory in use before: 120.5 MB.
System memory in use after: 120.7 MB.

Unloading 14 unused Assets to reduce memory usage. Loaded Objects now: 3282.
Total: 3.653000 ms (FindLiveObjects: 0.523100 ms CreateObjectMapping: 0.146700 ms MarkObjects: 2.952100 ms  DeleteObjects: 0.030100 ms)

========================================================================
Received Prepare
Registering precompiled user dll's ...
Registered in 0.008602 seconds.
Begin MonoManager ReloadAssembly
Native extension for WindowsStandalone target not found
Native extension for WebGL target not found
Refreshing native plugins compatible for Editor in 0.80 ms, found 2 plugins.
Preloading 0 native plugins for Editor in 0.00 ms.
Mono: successfully reloaded assembly
- Completed reload, in  1.684 seconds
Platform modules already initialized, skipping
Shader 'Universal Render Pipeline/Particles/Lit': fallback shader 'Universal Render Pipeline/Particles/SimpleLit' not found
Refreshing native plugins compatible for Editor in 0.74 ms, found 2 plugins.
Preloading 0 native plugins for Editor in 0.00 ms.
Unloading 2587 Unused Serialized files (Serialized files now loaded: 0)
System memory in use before: 120.5 MB.
System memory in use after: 120.7 MB.

Unloading 14 unused Assets to reduce memory usage. Loaded Objects now: 3285.
Total: 3.293100 ms (FindLiveObjects: 0.467300 ms CreateObjectMapping: 0.146300 ms MarkObjects: 2.646300 ms  DeleteObjects: 0.032000 ms)

========================================================================
Received Prepare
Registering precompiled user dll's ...
Registered in 0.006295 seconds.
Begin MonoManager ReloadAssembly
Native extension for WindowsStandalone target not found
Native extension for WebGL target not found
Refreshing native plugins compatible for Editor in 0.79 ms, found 2 plugins.
Preloading 0 native plugins for Editor in 0.00 ms.
Mono: successfully reloaded assembly
- Completed reload, in  1.755 seconds
Platform modules already initialized, skipping
Shader 'Universal Render Pipeline/Particles/Lit': fallback shader 'Universal Render Pipeline/Particles/SimpleLit' not found
Refreshing native plugins compatible for Editor in 0.81 ms, found 2 plugins.
Preloading 0 native plugins for Editor in 0.00 ms.
Unloading 2587 Unused Serialized files (Serialized files now loaded: 0)
System memory in use before: 120.5 MB.
System memory in use after: 120.8 MB.

Unloading 14 unused Assets to reduce memory usage. Loaded Objects now: 3288.
Total: 3.967700 ms (FindLiveObjects: 0.549400 ms CreateObjectMapping: 0.157200 ms MarkObjects: 3.225000 ms  DeleteObjects: 0.034100 ms)

========================================================================
Received Import Request.
  Time since last request: 1663.864620 seconds.
  path: Assets/Scenes/main.unity
  artifactKey: Guid(78a510c781f19db4da14f78ebb30946a) Importer(815301076,1909f56bfc062723c751e8b465ee728b)
Start importing Assets/Scenes/main.unity using Guid(78a510c781f19db4da14f78ebb30946a) Importer(815301076,1909f56bfc062723c751e8b465ee728b)  -> (artifact id: '6afede8380a8d681e276d7e892d23d26') in 0.024620 seconds
  Import took 0.031210 seconds .

========================================================================
Received Prepare
Registering precompiled user dll's ...
Registered in 0.006017 seconds.
Begin MonoManager ReloadAssembly
Native extension for WindowsStandalone target not found
Native extension for WebGL target not found
Refreshing native plugins compatible for Editor in 0.77 ms, found 2 plugins.
Preloading 0 native plugins for Editor in 0.00 ms.
Mono: successfully reloaded assembly
- Completed reload, in  1.767 seconds
Platform modules already initialized, skipping
Shader 'Universal Render Pipeline/Particles/Lit': fallback shader 'Universal Render Pipeline/Particles/SimpleLit' not found
Refreshing native plugins compatible for Editor in 0.78 ms, found 2 plugins.
Preloading 0 native plugins for Editor in 0.00 ms.
Unloading 2587 Unused Serialized files (Serialized files now loaded: 0)
System memory in use before: 120.5 MB.
System memory in use after: 120.8 MB.

Unloading 14 unused Assets to reduce memory usage. Loaded Objects now: 3291.
Total: 3.490100 ms (FindLiveObjects: 0.487900 ms CreateObjectMapping: 0.150200 ms MarkObjects: 2.821400 ms  DeleteObjects: 0.029300 ms)

========================================================================
Received Import Request.
  Time since last request: 149.639983 seconds.
  path: Assets/Scenes/Start Menu.unity
  artifactKey: Guid(255a5c4fc3c98304fb6ce88ba4fce6fd) Importer(815301076,1909f56bfc062723c751e8b465ee728b)
Start importing Assets/Scenes/Start Menu.unity using Guid(255a5c4fc3c98304fb6ce88ba4fce6fd) Importer(815301076,1909f56bfc062723c751e8b465ee728b)  -> (artifact id: 'a104b856adcb63ad8cd7be6f65ebc885') in 0.026831 seconds
  Import took 0.033452 seconds .

